<?xml version="1.0" encoding="UTF-8"?>
<testsuite name="com.javanauta.transacao_api.TransacaoApiApplicationTests" tests="1" skipped="0" failures="0" errors="0" timestamp="2026-05-07T14:59:18.344Z" hostname="caxile-Inspiron-3583" time="1.046">
  <properties/>
  <testcase name="contextLoads()" classname="com.javanauta.transacao_api.TransacaoApiApplicationTests" time="1.046"/>
  <system-out><![CDATA[11:59:13.988 [Test worker] INFO org.springframework.test.context.support.AnnotationConfigContextLoaderUtils -- Could not detect default configuration classes for test class [com.javanauta.transacao_api.TransacaoApiApplicationTests]: TransacaoApiApplicationTests does not declare any static, non-private, non-final, nested classes annotated with @Configuration.
11:59:14.178 [Test worker] INFO org.springframework.boot.test.context.SpringBootTestContextBootstrapper -- Found @SpringBootConfiguration com.javanauta.transacao_api.TransacaoApiApplication for test class com.javanauta.transacao_api.TransacaoApiApplicationTests

  .   ____          _            __ _ _
 /\\ / ___'_ __ _ _(_)_ __  __ _ \ \ \ \
( ( )\___ | '_ | '_| | '_ \/ _` | \ \ \ \
 \\/  ___)| |_)| | | | | || (_| |  ) ) ) )
  '  |____| .__|_| |_|_| |_\__, | / / / /
 =========|_|==============|___/=/_/_/_/

 :: Spring Boot ::               (v3.5.14)

2026-05-07T11:59:15.008-03:00  INFO 13272 --- [transacao-api] [    Test worker] c.j.t.TransacaoApiApplicationTests       : Starting TransacaoApiApplicationTests using Java 21.0.7 with PID 13272 (started by caxile in /home/caxile/Documentos/Estudos/transacao-api)
2026-05-07T11:59:15.015-03:00  INFO 13272 --- [transacao-api] [    Test worker] c.j.t.TransacaoApiApplicationTests       : No active profile set, falling back to 1 default profile: "default"
2026-05-07T11:59:17.890-03:00  INFO 13272 --- [transacao-api] [    Test worker] o.s.b.a.e.web.EndpointLinksResolver      : Exposing 1 endpoint beneath base path '/actuator'
2026-05-07T11:59:18.044-03:00  INFO 13272 --- [transacao-api] [    Test worker] c.j.t.TransacaoApiApplicationTests       : Started TransacaoApiApplicationTests in 3.586 seconds (process running for 6.092)
]]></system-out>
  <system-err><![CDATA[Mockito is currently self-attaching to enable the inline-mock-maker. This will no longer work in future releases of the JDK. Please add Mockito as an agent to your build as described in Mockito's documentation: https://javadoc.io/doc/org.mockito/mockito-core/latest/org.mockito/org/mockito/Mockito.html#0.3
WARNING: A Java agent has been loaded dynamically (/home/caxile/.gradle/caches/modules-2/files-2.1/net.bytebuddy/byte-buddy-agent/1.17.8/f09415827a71be7ed621c7bd02550678f28bc81c/byte-buddy-agent-1.17.8.jar)
WARNING: If a serviceability tool is in use, please run with -XX:+EnableDynamicAgentLoading to hide this warning
WARNING: If a serviceability tool is not in use, please run with -Djdk.instrument.traceUsage for more information
WARNING: Dynamic loading of agents will be disallowed by default in a future release
]]></system-err>
</testsuite>
